<?xml version="1.0" encoding="UTF-8"?>
<!-- Generated by org.testng.reporters.JUnitReportReporter -->
<testsuite hostname="DESKTOP-BHQF87V" failures="0" tests="9" name="TestNG.DataProviderTest" time="0.176" errors="0" timestamp="2025-01-31T14:07:44 IST" skipped="0">
  <testcase classname="TestNG.DataProviderTest" name="testcasefloat" time="0.012"/>
  <testcase classname="TestNG.DataProviderTest" name="testcaseString" time="0.003"/>
  <testcase classname="TestNG.DataProviderTest" name="testcase1" time="0.010"/>
  <testcase classname="TestNG.DataProviderTest" name="testcase1" time="0.016"/>
  <testcase classname="TestNG.DataProviderTest" name="testcaseString" time="0.017"/>
  <testcase classname="TestNG.DataProviderTest" name="testcasefloat" time="0.007"/>
  <testcase classname="TestNG.DataProviderTest" name="testcase1" time="0.062"/>
  <testcase classname="TestNG.DataProviderTest" name="testcasefloat" time="0.005"/>
  <testcase classname="TestNG.DataProviderTest" name="testcase1" time="0.044"/>
</testsuite> <!-- TestNG.DataProviderTest -->
