<?xml version="1.0" encoding="UTF-8"?>
<!-- Generated by org.testng.reporters.JUnitReportReporter -->
<testsuite hostname="DESKTOP-BHQF87V" failures="0" tests="5" name="TestNG.BasicTestcase" time="0.043" errors="0" timestamp="2025-02-01T14:33:59 IST" skipped="1">
  <testcase classname="TestNG.BasicTestcase" name="testcase5" time="0.027"/>
  <testcase classname="TestNG.BasicTestcase" name="testcase2" time="0.004"/>
  <testcase classname="TestNG.BasicTestcase" name="testcase3" time="0.006"/>
  <testcase classname="TestNG.BasicTestcase" name="testcase4" time="0.006"/>
  <testcase classname="TestNG.BasicTestcase" name="testcase9">
    <skipped/>
  </testcase> <!-- testcase9 -->
</testsuite> <!-- TestNG.BasicTestcase -->
