<?xml version="1.0" encoding="UTF-8"?>
<!-- Generated by org.testng.reporters.JUnitReportReporter -->
<testsuite hostname="DESKTOP-BHQF87V" failures="0" tests="1" name="TestNG.ParameterTest" time="0.044" errors="0" timestamp="2025-01-30T14:41:00 IST" skipped="0">
  <testcase classname="TestNG.ParameterTest" name="parameter" time="0.044"/>
</testsuite> <!-- TestNG.ParameterTest -->
