<?xml version="1.0" encoding="UTF-8"?>
<!-- Generated by org.testng.reporters.JUnitReportReporter -->
<testsuite hostname="DESKTOP-BHQF87V" failures="0" tests="6" name="TestNG.BeforeAftermethod" time="0.090" errors="0" timestamp="2025-02-01T14:39:05 IST" skipped="0">
  <testcase classname="TestNG.BeforeAftermethod" name="testcase2" time="0.011"/>
  <testcase classname="TestNG.BeforeAftermethod" name="testcase1" time="0.019"/>
  <testcase classname="TestNG.BeforeAftermethod" name="testcase1" time="0.027"/>
  <testcase classname="TestNG.BeforeAftermethod" name="testcase1" time="0.011"/>
  <testcase classname="TestNG.BeforeAftermethod" name="testcase1" time="0.010"/>
  <testcase classname="TestNG.BeforeAftermethod" name="testcase1" time="0.012"/>
</testsuite> <!-- TestNG.BeforeAftermethod -->
