<?xml version="1.0" encoding="UTF-8"?>
<!-- Generated by org.testng.reporters.JUnitReportReporter -->
<testsuite hostname="DESKTOP-BHQF87V" failures="0" tests="3" name="TestNG.Basicanotation" time="0.141" errors="0" timestamp="2025-01-29T14:48:50 IST" skipped="0">
  <testcase classname="TestNG.Basicanotation" name="testcase01" time="0.059"/>
  <testcase classname="TestNG.Basicanotation" name="testcase3" time="0.011"/>
  <testcase classname="TestNG.Basicanotation" name="testcase2" time="0.071"/>
</testsuite> <!-- TestNG.Basicanotation -->
